[   .0000] Lux veion 15.03-geric (bldd@y01-d64-4) (gc veron 7.0 (untu.3.06ubuntu3) #36-Ubuntu SMP Wed Aug 15 6:005 UT2018 (untu.15.33.3genec 4..18)
[  0.0000] ommandine:OOT_AGE=bot/vinuz.15.33-genericoot=LABEL=cloudimg-rootfs ro console=tty1 conse=tt0
[  0.0000KERN suprtedpus:[   0.000000]  ntelenuiInte
[    00000]  AMAuthticA
[   .0000]  CetaurentaHaul
[    0.00000] 6/fp Suprting XSAVE feature 0x001: 'x87 floating point registers'
[  0.0000] x6/pu: pporng XSAVE feature 0x002: 'SSE registers'
[    0.000000] x86/fpu: Supporting XSAVE feature 0x004: 'AVX registers'
[  0.0000]86/f: xste_ofet[2  57 xste_sis[2] 256
   0.00000]86/f: Enled tateeatus 0x conxt se is83 byes usi 'stdardform.
[  0.0000] e820: BI-proded ysic RAMap:[   0.0000 BIOe820[memx000000000000x00000009fb] usble
[  0.0000BIOSe80: [m 0x00000009fc00-00000000ffff rserved
[    0.000000] BIOS-e820: [mem 0x00000000000f0000-0x00000000000fffff] reserved
[    0.000000] BIOS-e820: [mem 0x000000000000x0000003ffeff] usable
[  0.00000] BIOS-e820: [mem 000000003fff0000-0x000000003fffffff] ACPI data
[  0.0000]IOS-20: em 0x000000f00000-0x00000000fec00fff] reserved
   00000] IOS-20: em 000000fee000-000000fe0fffreserved
   0.0000]BIS-e820: [mem 0x00000000fffc0000-0x00000000ffffffff] reserved
[    0.000000] NX (Execute Disable) protectio acte
[    000000] SMBIOS 2.5 presen
[    0.000000] DMI: innotek GmbH ViualB/Virtuaox, OS VtualBox 12/01/2006
[    0.000000] Hypervisor detected: KVM
[    0.000000] e820: last_pfn = 0x3fff0 max_arch_pfn = 0x400000000
[    0.000000] MTRR: Disabled
[    0.000000] x86/PAT: MTRRs disabled, skipping PAT initialization to
[  0.00000] PU MRs allblank -irtuizedyste
[   .0000] x/PATConfuraton[0-7 WB T  UC- UC  WB  WT  UC- UC  
[  0.0000]oundMP Mtabl a [memx0009fff0-0x0009ffff] mapped at [        (ptrval)]
[    0.000000] Scanning 1 areas for low memory corruption
[    0.000000] RAMDISK: [mem 0x35ae5000-0x36d69fff]
[    0.000000] ACPI: Early table checksum verification disabled
[    0.000000] ACPI: RSDPx000000000000 0024v02 VX  )
   0.0000] ACP XSD0x000000FF00 000C (v VBO  VBXXSDT 00000ASL 0000061)
   000000] ACPI: FACP 0x00000000FF00 0004 (v VBOX   OXFA 000001 L  00000061)
[    0.000000] ACPI: DSDT 0x000000003FFF0470 0021FF (v02 VBOX   VBOXBIOS 00000002 INTL 20100528)
[  0.0000] ACPI:ACS x0000003FF02 000040
[    0.000000] ACPI: FA 0x000003FF0200000
[  0.0000] PI: IC 0000003FF240 005Cv02 OX  BOXAC 0000001 A  000061
[    0000] AC: SS 0x0000003F02A0001 (v0VBOX VBOXCPUT 00000002 INT 21005)
[  0.0000] No UMA nfigation found
[  0.0000] king node at [mem 0x0000000000000000-0x000000003ffeffff]
[  0.0000]ODE_DATA( allocated [mem 0x3ffc5000-0x3ffeff]
[  0.0000] k-clock: cpu 0, msr 0:3ff44001, primary cpu clock
[  0.0000]vm-coc: Usg ms 4b54d1 an4b5600
[   .00000] kvcloc using scd ofet o32697664 cles[   0.0000 cloksource:vm-cck: mask:xffffffffffffax_cles:x1cde4df, ma_ile_s:88105913 ns
[  0.0000] Ze rang:
[  0.0000  DM    mem 000000000000-00000000ffff][   .0000]  MA32  [m 0x00000000000-0x00000ffeff]
   0.0000] Norm   ety
   0.0000] Devi   ety
   0.0000] Movble ne srt f eacnode
[  0.0000] ary mery node nges
[  0.0000]   od   0[mem 000000000010000x00000000fff]
[  0.0000] node 0: em 000000001000-0000003fffff
[    0000] Intmem sup ne 0 em 000000000100-0x000000feff]
[  0.000000] serv butnavaable98 pes
   0.0000]CPI:M-Timer IO Port: 0x400
    0.000000] IOAPIC[0]: apic_id 2, version 32, address 0xfec00000, GSI 0-23
[  0.0000]ACI: I_SRCVR (s 0 b_irq glol_ir2 df dl)
[    0.000000] ACPI: INT_C_OV(bus busrq 9 glal_i 9 l lev)
[  0.0000Using AC (MA) foSMP nfigatioinfoatio
    0000] smoot: Allwing2 PUs, 0 hotplug CPUs
[  0.0000]M: Rgiterenosa memry [me0x000000-0x00000fff]
[  0.0000]M: Rgiterenosave memory: [mem 0x0009f000-0x0009ffff]
[  0.0000]PM: Regieredosav mmory: [mem0x00a000-0x0efff
[   .0000] PMRegieredosavmemo: [m 0x0f0000x000ffff]
[    0.000000] e820: [mem 0x40000000-0xfebfffff] valable f PCIevic
[   .0000] Booting paravirtualized kernel on KVM
[  0.0000] ccksoce: finejiffs: ma: 0xffff maxycle 0xfffff maxdle_: 765196001568s
[  0.000000] rdom:et_random_tes cled om srt_knel+99/0fd wh crngnit=0
[    0.000000] setup_percpu: NR_CPUS:8192 nr_cpumask_bits:2 nr_cpu_ids:2 nr_node_ids:1
[    0.000000] rcpuEmbeed 4page/cu @     ptrv) s1552 192 867210486
[  0.0000]  qsplock hsh tab entes: 6 (oer:  409byte
[   .0000] Blt 1onelts, bili grouping on.  Total pages: 257913
[   .00000 Poly zoe: DMA32
[    0.000000] Kernel command line: BOTIMAG/boo/vlinu4.15-33-generic rootABELloudg-rofs rconse=tt conle=tS0
[  0.0000] emory:8362/1048120K aaiable (1200 kerelcod 2470K rata, 4244rodata, 2408K init, 2416K bss, 450K rerve 0K cma-reserved)
[   .0000] SB: Hlign64 Order-3, nObjec=0, Us=2, Nodes=1
[  0.0000] Knel/Ur pa tabs isatio enaed
   0.0000]trac: llocating 39121 entries in 153 pages[   .0040] Hiearchic RCUmplentatn.
   0.0000] 	RCU restricting CPUs from NR_CPUS=8192 to nr_cpu_ids=2.
[    0.004000] 	Tasks RCU enabled.
[    0.004000] RCU: Adjusting geometry for rcu_fanout_leaf=16, nr_cpu_ids=2
[    0.004000] NR_IRQ: 24544nr_is: 4, prlloced is: 1
[    .04000] Coole:olour GA+ x25[   .0040] csoletty1enabd
[  0.00400] conse [tt0] ebled
[  0.0000] PI: ore resion01701
[  0.0000]ACI: 2CPI L taes successfully acquired and loaded
[  0.004000] APIC: Switch to symmetric I/O mode setup
[    0.004305] x2apic enabled
[    0.008004] Switched APIC routing to physical x2apic.
[    0.013220] ..TIMER: vector=0x30 apic1=0 pin1=2 apic2=-1 pin2=-1
[    0.016002] tsc: Detected 3191.994 MHz processor
[    0.020007] Calibrating delay loop (skipped) preset value.. 6383.98 BogoMIPS (lpj=12767976)
[    0.024005] pid_max: default: 32768 minimum: 301
[    0.028032] Security Framework initialized
[    0.032003] Yama: becoming mindful.
[    0.036027] AppArmor: AppArmor initialized
[    0.039729] Dentry cache hash table entries: 131072 (order: 8, 1048576 bytes)
[    0.040047] Inode-cache hash table entries: 65536 (order: 7, 524288 bytes)
[    0.041103] Mount-cache hash table entries: 2048 (order: 2, 16384 bytes)
[    0.042244] Mountpoint-cache hash table entries: 2048 (order: 2, 16384 bytes)
[    0.044207] mce: CPU supports 0 MCE banks
[    0.048015] Last level iTLB entries: 4KB 64, 2MB 8, 4MB 8
[    0.052002] Last level dTLB entries: 4KB 64, 2MB 0, 4MB 0, 1GB 4
[    0.056003] Spectre V2 : Mitigation: Full generic retpoline
[    0.060004] Spectre V2 : Spectre v2 mitigation: Filling RSB on context switch
[    0.064003] Speculative Store Bypass: Vulnerable
[    0.068117] Freeing SMP alternatives memory: 36K
[    0.076000] smpboot: CPU0: Intel(R) Core(TM) i7-8700 CPU @ 3.20GHz (family: 0x6, model: 0x9e, stepping: 0xa)
[    0.076064] Performance Events: unsupported p6 CPU model 158 no PMU driver, software events only.
[    0.080041] Hierarchical SRCU implementation.
[    0.084463] NMI watchdog: Perf event create on CPU 0 failed with -2
[    0.088002] NMI watchdog: Perf NMI watchdog permanently disabled
[    0.092050] smp: Bringing up secondary CPUs ...
[    0.096082] x86: Booting SMP configuration:
[    0.100003] .... node  #0, CPUs:      #1
[    0.004000] kvm-clock: cpu 1, msr 0:3ff44041, secondary cpu clock
[    0.004000] mce: CPU supports 0 MCE banks
[    0.451792] smp: Brought up 1 node, 2 CPUs
[    0.452004] smpboot: Max logical packages: 1
[    0.456003] smpboot: Total of 2 processors activated (12767.97 BogoMIPS)
[    0.460113] devtmpfs: initialized
[    0.464059] x86/mm: Memory block size: 128MB
[    0.468140] evm: security.selinux
[    0.472004] evm: security.SMACK64
[    0.476003] evm: security.SMACK64EXEC
[    0.480002] evm: security.SMACK64TRANSMUTE
[    0.484002] evm: security.SMACK64MMAP
[    0.488001] evm: security.apparmor
[    0.492001] evm: security.ima
[    0.496003] evm: security.capability
[    0.500073] clocksource: jiffies: mask: 0xffffffff max_cycles: 0xffffffff, max_idle_ns: 7645041785100000 ns
[    0.504009] futex hash table entries: 512 (order: 3, 32768 bytes)
[    0.505021] pinctrl core: initialized pinctrl subsystem
[    0.508087] RTC time:  8:46:19, date: 08/29/18
[    0.509499] NET: Registered protocol family 16
[    0.510325] audit: initializing netlink subsys (disabled)
[    0.512022] audit: type=2000 audit(1535532343.143:1): state=initialized audit_enabled=0 res=1
[    0.513517] cpuidle: using governor ladder
[    0.513517] cpuidle: using governor menu
[    0.513517] ACPI: bus type PCI registered
[    0.516002] acpiphp: ACPI Hot Plug PCI Controller Driver version: 0.5
[    0.517281] PCI: Using configuration type 1 for base access
[    0.520989] HugeTLB registered 2.00 MiB page size, pre-allocated 0 pages
[    0.528069] ACPI: Added _OSI(Module Device)
[    0.528758] ACPI: Added _OSI(Processor Device)
[    0.529473] ACPI: Added _OSI(3.0 _SCP Extensions)
[    0.530220] ACPI: Added _OSI(Processor Aggregator Device)
[    0.531059] ACPI: Added _OSI(Linux-Dell-Video)
[    0.532237] ACPI: Executed 1 blocks of module-level executable AML code
[    0.536745] ACPI: Interpreter enabled
[    0.540012] ACPI: (supports S0 S5)
[    0.544004] ACPI: Using IOAPIC for interrupt routing
[    0.548272] PCI: Using host bridge windows from ACPI; if necessary, use "pci=nocrs" and report a bug
[    0.552172] ACPI: Enabled 2 GPEs in block 00 to 07
[    0.565120] ACPI: PCI Root Bridge [PCI0] (domain 0000 [bus 00-ff])
[    0.568013] acpi PNP0A03:00: _OSC: OS supports [ASPM ClockPM Segments MSI]
[    0.572040] acpi PNP0A03:00: _OSC: not requesting OS control; OS requires [ExtendedConfig ASPM ClockPM MSI]
[    0.576019] acpi PNP0A03:00: fail to add MMCONFIG information, can't access extended PCI configuration space under this bridge.
[    0.580354] PCI host bridge to bus 0000:00
[    0.584004] pci_bus 0000:00: root bus resource [io  0x0000-0x0cf7 window]
[    0.588002] pci_bus 0000:00: root bus resource [io  0x0d00-0xffff window]
[    0.592004] pci_bus 0000:00: root bus resource [mem 0x000a0000-0x000bffff window]
[    0.596004] pci_bus 0000:00: root bus resource [mem 0x40000000-0xfdffffff window]
[    0.600004] pci_bus 0000:00: root bus resource [bus 00-ff]
[    0.609223] pci 0000:00:01.1: legacy IDE quirk: reg 0x10: [io  0x01f0-0x01f7]
[    0.612005] pci 0000:00:01.1: legacy IDE quirk: reg 0x14: [io  0x03f6]
[    0.616006] pci 0000:00:01.1: legacy IDE quirk: reg 0x18: [io  0x0170-0x0177]
[    0.620004] pci 0000:00:01.1: legacy IDE quirk: reg 0x1c: [io  0x0376]
[    0.636641] pci 0000:00:07.0: quirk: [io  0x4000-0x403f] claimed by PIIX4 ACPI
[    0.640014] pci 0000:00:07.0: quirk: [io  0x4100-0x410f] claimed by PIIX4 SMB
[    0.651761] ACPI: PCI Interrupt Link [LNKA] (IRQs 5 9 10 *11)
[    0.652376] ACPI: PCI Interrupt Link [LNKB] (IRQs 5 9 *10 11)
[    0.653490] ACPI: PCI Interrupt Link [LNKC] (IRQs 5 *9 10 11)
[    0.654477] ACPI: PCI Interrupt Link [LNKD] (IRQs 5 9 10 *11)
[    0.656292] SCSI subsystem initialized
[    0.657158] pci 0000:00:02.0: vgaarb: setting as boot VGA device
[    0.657188] pci 0000:00:02.0: vgaarb: VGA device added: decodes=io+mem,owns=io+mem,locks=none
[    0.660004] pci 0000:00:02.0: vgaarb: bridge control possible
[    0.660993] vgaarb: loaded
[    0.661547] ACPI: bus type USB registered
[    0.662212] usbcore: registered new interface driver usbfs
[    0.663060] usbcore: registered new interface driver hub
[    0.664012] usbcore: registered new device driver usb
[    0.664920] EDAC MC: Ver: 3.0.0
[    0.664920] PCI: Using ACPI for IRQ routing
[    0.664920] NetLabel: Initializing
[    0.665466] NetLabel:  domain hash size = 128
[    0.668002] NetLabel:  protocols = UNLABELED CIPSOv4 CALIPSO
[    0.668902] NetLabel:  unlabeled traffic allowed by default
[    0.669766] clocksource: Switched to clocksource kvm-clock
[   .665 V: skuos uo6.6.
[  1472]FSDqt-chha tle eri: 2 rd 040 bes

[   .041 AArr:ppmoFisyemnaed
[   .611 p: P PIni
[  2776]npPnAC: un3 vis
[  30815 cckur: pim:as 0fff x_cl: ffffmaid_n: 207024s
[  4071]ETRestedrocofaly
[  5544]CPstlihed shab entes81 (de 4656 tes)

[   5.14] P ndastae trs:19(oer5, 107bys)[  6881]CPHash tables configured (established 8192 bind 8192)
[    7.039441] UDP hash table entries:12orr:, 38bys)[    7.403275] UDP-Lite hash table entries: 512 (order: 2, 16384 bytes)
[    7.426902] NET: Registered protocol family 1
[    7.427600] pci 0000:00:00.0: Limiting direct PCI/PCI transfers
[    7.428560] pci 0000:00:01.0: Activating ISA DMA hang workarounds
[    7.429554] pci 0000:00:02.0: Video device with shadowed ROM at [mem 0x000c0000-0x000dffff]
[    7.430956] Unpacking initramfs...

[    7.643323] Freeing initrd memory: 18964K
[    7.670946] platform rtc_cmos: registered platform RTC device (no PNP device found)
[    7.988960] Scanning for low memory corruption every 60 seconds
[    8.047586] Initialise system trusted keyrings
[    8.102187] Key type blacklist registered
[    8.103018] workingset: timestamp_bits=36 max_order=18 bucket_order=0
[    8.110008] zbud: loaded
[    8.190111] squashfs: version 4.0 (2009/01/31) Phillip Lougher
[    8.307268] fuse init (API version 7.26)
[    8.438507] Key type asymmetric registered
[    8.589859] Asymmetric key parser 'x509' registered
[    8.718896] tsc: Refined TSC clocksource calibration: 3190.302 MHz
[    8.720631] Block layer SCSI generic (bsg) driver version 0.4 loaded (major 246)
[    8.720657] io scheduler noop registered
[    8.720657] io scheduler deadline registered
[    8.720691] io scheduler cfq registered (default)
[    9.172930] clocksource: tsc: mask: 0xffffffffffffffff max_cycles: 0x2dfc80ae572, max_idle_ns: 440795368426 ns
[    9.489380] ACPI: AC Adapter [AC] (on-line)
[    9.588370] input: Power Button as /devices/LNXSYSTM:00/LNXPWRBN:00/input/input0
[    9.727484] ACPI: Power Button [PWRF]
[    9.872402] input: Sleep Button as /devices/LNXSYSTM:00/LNXSLPBN:00/input/input1
[    9.999336] ACPI: Sleep Button [SLPF]
[   10.124346] Serial: 8250/16550 driver, 32 ports, IRQ sharing enabled
[   10.255877] 00:02: ttyS0 at I/O 0x3f8 (irq = 4, base_baud = 115200) is a 16550A
[   10.400523] Linux agpgart interface v0.103
[   10.534537] loop: module loaded
[   10.657561] scsi host0: ata_piix
[   10.716991] scsi host1: ata_piix
[   10.802426] ata1: PATA max UDMA/33 cmd 0x1f0 ctl 0x3f6 bmdma 0xd000 irq 14
[   11.034851] ata2: PATA max UDMA/33 cmd 0x170 ctl 0x376 bmdma 0xd008 irq 15
[   11.300412] libphy: Fixed MDIO Bus: probed
[   11.301259] tun: Universal TUN/TAP device driver, 1.6
[   11.302075] PPP generic driver version 2.4.2
[   11.302863] ehci_hcd: USB 2.0 'Enhanced' Host Controller (EHCI) Driver
[   11.425183] ehci-pci: EHCI PCI platform driver
[   11.592014] ehci-platform: EHCI generic platform driver
[   11.733032] ohci_hcd: USB 1.1 'Open' Host Controller (OHCI) Driver
[   11.984411] ohci-pci: OHCI PCI platform driver
[   12.161388] ohci-platform: OHCI generic platform driver
[   12.362115] uhci_hcd: USB Universal Host Controller Interface driver
[   12.497869] i8042: PNP: PS/2 Controller [PNP0303:PS2K,PNP0f03:PS2M] at 0x60,0x64 irq 1,12
[   12.817597] serio: i8042 KBD port at 0x60,0x64 irq 1
[   13.018932] serio: i8042 AUX port at 0x60,0x64 irq 12
[   13.218144] mousedev: PS/2 mouse device common for all mice
[   13.311239] input: AT Translated Set 2 keyboard as /devices/platform/i8042/serio0/input/input2
[   13.360729] rtc_cmos rtc_cmos: rtc core: registered rtc_cmos as rtc0
[   13782] rtc_cs c_osalmsp  o d, 4 tenvm
[   14287]2cdeenries driver  14.509 dicmaeruentveio1.3
[   15.132127] device-mapper: ioctl: 4.37.0-ioctl (2017-09-20) initialised: dm-devel@redhat.com
[   15.378263] ledtrig-cpu: registered to indicate activity on CPUs
[   15.515263] NET: Registered protocol family 10
[   15.664772] Segment Routing with IPv6
[   15.772427] NET: Registered protocol family 17
[   15.815391] Key type dns_resolver registered
[   15.934705] RAS: Correctable Errors collector initialized.
[   16.112909] sched_clock: Marking stable (16112890708, 0)->(60230104275, -44117213567)
[   16.333141] registered taskstats version 1
[   16.474950] Loading compiled-in X.509 certificates
[   16.541590] Loaded X.509 cert 'Build time autogenerated kernel key: b2b2adbda3eef7b219e699c1b87c022096150517'
[   16.633605] zswap: loaded using pool lzo/zbud
[   16.658641] Key type big_key registered
[   16.660764] Key type trusted registered
[   16.689340] Key type encrypted registered
[   16.835202] AppArmor: AppArmor sha1 policy hashing enabled
[   17.035283] ima: No TPM chip found, activating TPM-bypass! (rc=-19)
[   17.063364] evm: HMAC attrs: 0x1
[   17.164194]   Magic number: 14:275:777
[   17.298728] misc rfkill: hash matches
[   17.386858] rtc_cmos rtc_cmos: setting system clock to 2018-08-29 08:46:39 UTC (1535532399)
[   17.571017] BIOS EDD facility v0.16 2004-Jun-25, 0 devices found
[   17.630125] EDD information not available.
[   17.653786] Freeing unused kernel memory: 2408K
[   17.704552] Write protecting the kernel read-only data: 20480k
[   18.607340] Freeing unused kernel memory: 2008K
[   19.677974] Freeing unused kernel memory: 1900K
[   20.728096] x86/mm: Checked W+X mappings: passed, no W+X pages found.
[   22.288637] x86/mm: Checking user space page tables
[   23.475506] x86/mm: Checked W+X mappings: passed, no W+X pages found.
Loading, please wait...
starting version 237
[   23.662460] Fusion MPT base driver 3.04.20
[   23.812290] Copyright (c) 1999-2008 LSI Corporation
[   23.982390] Fusion MPT SPI Host driver 3.04.20
[   23.988718] e1000: Intel(R) PRO/1000 Network Driver - version 7.3.21-k8-NAPI
[   23.988718] e1000: Copyright (c) 1999-2006 Intel Corporation.
[   24.086162] AVX2 version of gcm_enc/dec engaged.
[   24.086973] AES CTR mode by8 optimization enabled
[   24.208231] input: ImExPS/2 Generic Explorer Mouse as /devices/platform/i8042/serio1/input/input4
[   24.440699] e1000 0000:00:03.0 eth0: (PCI:33MHz:32-bit) 02:5f:45:77:d1:f5
[   24.440702] e1000 0000:00:03.0 eth0: Intel(R) PRO/1000 Network Connection
[   24.502962] e1000 0000:00:03.0 enp0s3: renamed from eth0
[   24.503462] mptbase: ioc0: Initiating bringup
[   24.596247] ioc0: LSI53C1030 A0: Capabilities={Initiator}
[   24.837913] scsi host2: ioc0: LSI53C1030 A0, FwRev=00000000h, Ports=1, MaxQ=256, IRQ=20
[   25.005486] scsi 2:0:0:0: Direct-Access     VBOX     HARDDISK         1.0  PQ: 0 ANSI: 5
[   26.443840] scsi target2:0:0: Beginning Domain Validation
[   27.676185] scsi target2:0:0: Domain Validation skipping write tests
[   27.677159] scsi target2:0:0: Ending Domain Validation
[   27.677995] scsi target2:0:0: asynchronous
[   28.002135] scsi 2:0:1:0: Direct-Access     VBOX     HARDDISK         1.0  PQ: 0 ANSI: 5
[   30.567465] scsi target2:0:1: Beginning Domain Validation
[   31.810429] random: fast init done
[   32.606924] scsi target2:0:1: Domain Validation skipping write tests
[   34.015743] scsi target2:0:1: Ending Domain Validation
[   34.172079] scsi target2:0:1: asynchronous
[   34.328258] random: systemd-udevd: uninitialized urandom read (16 bytes read)
[   34.332826] sd 2:0:0:0: Attached scsi generic sg0 type 0
[   34.332933] sd 2:0:1:0: Attached scsi generic sg1 type 0
[   34.741586] random: systemd-udevd: uninitialized urandom read (16 bytes read)
[   34.742713] random: systemd-udevd: uninitialized urandom read (16 bytes read)
[   34.744822] sd 2:0:1:0: [sdb] 20480 512-byte logical blocks: (10.5 MB/10.0 MiB)
[   34.746060] sd 2:0:0:0: [sda] 20971520 512-byte logical blocks: (10.7 GB/10.0 GiB)
[   34.747391] sd 2:0:1:0: [sdb] Write Protect is off
[   34.748334] sd 2:0:0:0: [sda] Write Protect is off
[   34.749142] sd 2:0:1:0: [sdb] Incomplete mode parameter data
[   34.750116] sd 2:0:1:0: [sdb] Assuming drive cache: write through
[   34.751570] sd 2:0:0:0: [sda] Incomplete mode parameter data
[   34.752596] sd 2:0:0:0: [sda] Assuming drive cache: write through
[   34.755784]  sda: sda1
[   34.756711] sd 2:0:1:0: [sdb] Attached SCSI disk
[   34.758303] sd 2:0:0:0: [sda] Attached SCSI disk
Begin: Loading essential drivers ... [   36.440413] raid6: sse2x1   gen() 13553 MB/s
[   36.552173] raid6: sse2x1   xor()  9783 MB/s
[   36.768348] raid6: sse2x2   gen() 16496 MB/s
[   36.960143] raid6: sse2x2   xor() 10888 MB/s
[   37.160191] raid6: sse2x4   gen() 19005 MB/s
[   37.212429] raid6: sse2x4   xor() 11769 MB/s
[   37.412030] raid6: avx2x1   gen() 26683 MB/s
[   37.552077] raid6: avx2x1   xor() 18746 MB/s
[   37.720568] raid6: avx2x2   gen() 32553 MB/s
[   37.920504] raid6: avx2x2   xor() 20527 MB/s
[   37.972735] raid6: avx2x4   gen() 35778 MB/s
[   38.172333] raid6: avx2x4   xor() 22429 MB/s
[   38.236492] raid6: using algorithm avx2x4 gen() 35778 MB/s
[   38.358949] raid6: .... xor() 22429 MB/s, rmw enabled
[   38.466129] raid6: using avx2x2 recovery algorithm
[   38.563948] xor: automatically using best checksumming function   avx       
[   38.784507] async_tx: api initialized (async)
done.
Begin: Running /scripts/init-premount ... done.[   38.941254] Btrfs loaded, crc32c=crc32c-intel

Begin: Mounting root file system ... Begin: Running /scripts/lo[   39.048802] EXT4-fs (sda1): mounted filesystem with ordered data mode. Opts: (null)
cal-top ... done.
Begin: Running /scripts/local-premount ... Scanning for Btrfs filesystems
done.
Warning: fsck not present, so skipping root file system
done.
Begin: Running /scripts/local-bottom ... done.
Begin: Running /scripts/init-bottom ... done.
[   39.818203] ip_tables: (C) 2000-2006 Netfilter Core Team
[   41.071169] systemd[1]: systemd 237 running in system mode. (+PAM +AUDIT +SELINUX +IMA +APPARMOR +SMACK +SYSVINIT +UTMP +LIBCRYPTSETUP +GCRYPT +GNUTLS +ACL +XZ +LZ4 +SECCOMP +BLKID +ELFUTILS +KMOD -IDN2 +IDN -PCRE2 default-hierarchy=hybrid)
[   46.104200] systemd[1]: Detected virtualization oracle.
[   47.376885] systemd[1]: Detected architecture x86-64.

Welcome to [1mUbuntu 18.04.1 LTS[0m!

[   48.562501] systemd[1]: Set hostname to <ubuntu-bionic>.
[   50.149068] random: crng init done
[   50.237627] random: 7 urandom warning(s) missed due to ratelimiting
[   50.680269] systemd[1]: Created slice User and Session Slice.
[[0;32m  OK  [0m] Created slice User and Session Slice.
[   50.722188] systemd[1]: Created slice System Slice.
[[0;32m  OK  [0m] Created slice System Slice.
[   50.760729] systemd[1]: Listening on Journal Socket.
[[0;32m  OK  [0m] Listening on Journal Socket.
[   50.988868] systemd[1]: Mounting Kernel Debug File System...
         Mounting Kernel Debug File System...
[   50.998140] systemd[1]: Mounting POSIX Message Queue File System...
         Mounting POSIX Message Queue File System...
[   51.000147] systemd[1]: Created slice system-serial\x2dgetty.slice.
[[0;32m  OK  [0m] Created slice system-serial\x2dgetty.slice.
[   51.018292] systemd[1]: Starting Load Kernel Modules...
         Starting Load Kernel Modules...
[   51.231338] systemd[1]: Listening on Device-mapper event daemon FIFOs.
[[0;32m  OK  [0[   51.493620] Loading iSCSI transport class v2.0-870.
m] Listening on Device-mapper event daemon FIFOs.
[   51.676661] systemd[1]: Listening on LVM2 poll daemon socket.
[[0;32m  OK  [[   51.904486] iscsi: registered transport (tcp)
0m] Listening on LVM2 poll daemon socket.
[   52.084693] systemd[1]: Listening on LVM2 metadata daemon socket.
[[0;32m  OK  [0m] Listening on LVM2 metadata daemon socket.
[   52.316891] iscsi: registered transport (iser)
[   52.472886] systemd[1]: Listening on Syslog Socket.
[[0;32m  OK  [0m] Listening on Syslog Socket.
[   52.679646] systemd[1]: Listening on Journal Socket (/dev/log).
[[0;32m  OK  [0m] Listening on Journal Socket (/dev/log).
[   52.901990] systemd[1]: Listening on udev Kernel Socket.
[[0;32m  OK  [0m] Listening on udev Kernel Socket.
[   53.516713] systemd[1]: Starting Create list of required static device nodes for the current kernel...
         Starting Create list of required st…ce nodes for the current kernel...
[   53.828498] systemd[1]: Reached target Swap.
[[0;32m  OK  [0m] Reached target Swap.
[   54.779808] systemd[1]: Starting Monitoring of LVM2 mirrors, snapshots etc. using dmeventd or progress polling...
         Starting Monitoring of LVM2 mirrors…ng dmeventd or progress polling...
[   54.984226] systemd[1]: Reached target Slices.
[[0;32m  OK  [0m] Reached target Slices.
         Starting Set the console keyboard layout...
         Starting Remount Root and Kernel File Systems...
         Starting Uncomplicated firewall...
[   55.128601] EXT4-fs (sda1): re-mounted. Opts: (null)
[[0;32m  OK  [0m] Listening on Journal Audit Socket.
[   56.242029] systemd[1]: Starting Journal Service...
         Starting Journal Service...
[   56.388120] systemd[1]: Listening on Network Service Netlink Socket.
[[0;32m  OK  [0m] Listening on Network Service Netlink Socket.
[   56.428957] systemd[1]: Mounting Huge Pages File System...
         Mounting Huge Pages File System...
[   56.431680] systemd[1]: Started Forward Password Requests to Wall Directory Watch.
[[0;32m  OK  [0m] Started Forward Password Requests to Wall Directory Watch.
[   56.448812] systemd[1]: Reached target User and Group Name Lookups.
[[0;32m  OK  [0m] Reached target User and Group Name Lookups.
[   56.473651] systemd[1]: Set up automount Arbitrary Executable File Formats File System Automount Point.
[[0;32m  OK  [0m] Set up automount Arbitrary Executab…rmats File System Automount Point.
[   56.494146] systemd[1]: Listening on udev Control Socket.
[[0;32m  OK  [0m] Listening on udev Control Socket.
[   56.628127] systemd[1]: Starting udev Coldplug all Devices...
         Starting udev Coldplug all Devices...
[   56.713697] systemd[1]: Listening on /dev/initctl Compatibility Named Pipe.
[[0;32m  OK  [0m] Listening on /dev/initctl Compatibility Named Pipe.
[   56.928901] systemd[1]: Reached target System Time Synchronized.
[[0;32m  OK  [0m] Reached target System Time Synchronized.
[[0;32m  OK  [0m] Started Journal Service.
[[0;32m  OK  [0m] Mounted Kernel Debug File System.
[[0;32m  OK  [0m] Mounted POSIX Message Queue File System.
[[0;32m  OK  [0m] Started Load Kernel Modules.
[[0;32m  OK  [0m] Started Create list of required sta…vice nodes for the current kernel.
[[0;32m  OK  [0m] Started Set the console keyboard layout.
[[0;32m  OK  [0m] Started Remount Root and Kernel File Systems.
[[0;32m  OK  [0m] Started Uncomplicated firewall.
[[0;32m  OK  [0m] Mounted Huge Pages File System.
[[0;32m  OK  [0m] Started LVM2 metadata daemon.
         Starting Initial cloud-init job (pre-networking)...
         Starting Load/Save Random Seed...
         Starting Create Static Device Nodes in /dev...
         Mounting FUSE Control File System...
         Starting Apply Kernel Variables...
         Mounting Kernel Configuration File System...
         Starting Flush Journal to Persistent Storage...
[[0;32m  OK  [0m] Started Monitoring of LVM2 mirrors,…sing dmeventd or progress polling.
[[0;32m  OK  [0m] Started udev Coldplug all Devices.
[[0;32m  OK  [0m] Started Load/Save Random Seed.
[[0;32m  OK  [0m] Started Create Static Device Nodes in /dev.
[[0;32m  OK  [0m] Mounted FUSE Control File System.
[[0;32m  OK  [0m] Started Apply Kernel Variables.
[[0;32m  OK  [0m] Mounted Kernel Configuration File System.
         Starting udev Kernel Device Manager...
[[0;32m  OK  [0m] Reached target Local File Systems (Pre).
[[0;32m  OK  [0m] Reached target Local File Systems.
         Starting ebtables ruleset management...
         Starting AppArmor initialization...
         Starting Set console font and keymap...
         Starting Tell Plymouth To Write Out Runtime Data...
[[0;32m  OK  [0m] Started udev Kernel Device Manager.
[[0;32m  OK  [0m] Started Dispatch Password Requests to Console Directory Watch.
[[0;32m  OK  [0m] Reached target Local Encrypted Volumes.
[[0;32m  OK  [0m] Started Set console font and keymap.
[[0;32m  OK  [0m] Started Tell Plymouth To Write Out Runtime Data.
[[0;32m  OK  [0m] Found device /dev/ttyS0.
[[0;32m  OK  [0m] Started ebtables ruleset management.
[[0;32m  OK  [0m] Listening on Load/Save RF Kill Switch Status /dev/rfkill Watch.
[[0;32m  OK  [0m] Started Flush Journal to Persistent Storage.
         Starting Create Volatile Files and Directories...
[[0;32m  OK  [0m] Started Create Volatile Files and Directories.
         Starting Update UTMP about System Boot/Shutdown...
[[0;32m  OK  [0m] Started Update UTMP about System Boot/Shutdown.
[[0;32m  OK  [0m] Started AppArmor initialization.
[   60.429705] cloud-init[402]: Cloud-init v. 18.3-9-g2e62cb8a-0ubuntu1~18.04.2 running 'init-local' at Wed, 29 Aug 2018 08:47:22 +0000. Up 60.09 seconds.
[[0;32m  OK  [0m] Started Initial cloud-init job (pre-networking).
[[0;32m  OK  [0m] Reached target Network (Pre).
         Starting Network Service...
[[0;32m  OK  [0m] Started Network Service.
         Starting Network Name Resolution...
         Starting Wait for Network to be Configured...
[[0;32m  OK  [0m] Started Network Name Resolution.
[[0;32m  OK  [0m] Reached target Host and Network Name Lookups.
[[0;32m  OK  [0m] Reached target Network.
[[0;32m  OK  [0m] Started Wait for Network to be Configured.
         Starting Initial cloud-init job (metadata service crawler)...
[   63.532249] cloud-init[671]: Cloud-init v. 18.3-9-g2e62cb8a-0ubuntu1~18.04.2 running 'init' at Wed, 29 Aug 2018 08:47:25 +0000. Up 62.91 seconds.
[[   63.636286] cloud-init[671]: ci-info: ++++++++++++++++++++++++++++++++++++++Net device info++++++++++++++++++++++++++++++++++++++
[   63.636479] cloud-init[671]: ci-info: +--------+------+----------------------------+---------------+--------+-------------------+
[0;32m  OK  [0m] Started Initial cloud-init job (metadata service crawler).
[   63.636862] cloud-init[671]: ci-info: | Device |  Up  |          Address           |      Mask     | Scope  |     Hw-Address    |
[[0;32m  OK  [0m] Reached target Network is Online.
[   63.786044] cloud-init[671]: ci-info: +--------+------+----------------------------+---------------+--------+-------------------+
         Starting iSCSI initiator daemon (iscsid)...
[[0;32m  OK  [0m] Reached target Cloud-config availability.
[   63.852980] cloud-init[671]: ci-info: | enp0s3 | True |         10.0.2.15          | 255.255.255.0 | global | 02:5f:45:77:d1:f5 |
[[0;32m  OK  [0m] Reached target System Initialization.
[   63.993560] [cloud-init[0;32m  OK  [0m[671]: ] ci-info: | enp0s3 | True | fe80::5f:45ff:fe77:d1f5/64 |       .       |  link  | 02:5f:45:77:d1:f5 |Listening on ACPID Listen Socket.

[[0;32m  OK  [0m] Listening on UUID daemon activation socket.
[   64.072479] cloud-init[671]: ci-info: |   lo   | True |         127.0.0.1          |   255.0.0.0   |  host  |         .         |
[   64.132699]          Starting Socket activation for snappy daemon.
[[0;32m  OK  [0m] Listening on D-Bus System Message Bus Socket.
[[0;32m  OK  [0m] Started Daily Cleanup of Temporary Directories.
cloud-init[671]: ci-info: |   lo   | True |          ::1/128           |       .       |  host  |         .         |
[   64.136315] cloud-init[671]: ci-info: +--------+------+----------------------------+---------------+--------+-------------------+
[[0;32m  OK  [0m] Started Daily apt download activities.
[   64.168517] cloud-init[671]: ci-info: ++++++++++++++++++++++++++++Route IPv4 info+++++++++++++++++++++++++++++
[   64.213923] [[0;32m  OK  [0m] Started ACPI Events Check.
[[0;32m  OK  [0m] Reached target Paths.
[[0;32m  OK  [0m] Started Discard unused blocks once a week.
cloud-init[671]: ci-info: +-------+-------------+----------+-----------------+-----------+-------+
[   64.264131]          cloud-initStarting LXD - unix socket.[671]: 
ci-info: | Route | Destination | Gateway  |     Genmask     | Interface | Flags |
[[0;32m  OK  [0m] Started Message of the Day.
[   64.316844] [[0;32m  OK  [0m] Started Daily apt upgrade and clean activities.
[[0;32m  OK  [0m] Reached target Timers.
cloud-init[671]: ci-info: +-------+-------------+----------+-----------------+-----------+-------+
[[0;32m  OK  [0m] Listening on Socket activation for snappy daemon.
[[0;32m  OK  [0m] Listening on LXD - unix socket.
[[0;32m  OK  [0m] Started iSCSI initiator daemon (iscsid).
[[0;32m  OK  [0m] Reached target Remote File Systems (Pre).
[[0;32m  OK  [0m] Reached target Remote File Systems.
[   64.438669] cloud-init[671]: ci-info: |   0   |   0.0.0.0   | 10.0.2.2 |     0.0.0.0     |   enp0s3  |   UG  |
         Starting Availability of block devices...
[[0;32m  OK  [0m] Reached target Sockets.
[[0;32m  OK  [0m] Reached target Basic System.
[   64.679443] cloud-init[671]: ci-info: |   1   |   10.0.2.0  | 0.0.0.0  |  255.255.255.0  |   enp0s3  |   U   |
[[0;32m  OK  [0m] Started Deferred execution scheduler.
[   64.874290] cloud-init[671]: ci-info: |   2   |   10.0.2.2  | 0.0.0.0  | 255.255.255.255 |   enp0s3  |   UH  |
[[0;32m  OK  [0m] Started Regular background program processing daemon.
[   64.971300] cloud-init[671]: ci-info: +-------+-------------+----------+-----------------+-----------+-------+
         Starting Accounts Service...
[   65.072748] cloud-init[671]: ci-info: +++++++++++++++++++Route IPv6 info+++++++++++++++++++
         Starting Permit User Sessions...
[   65.135342] cloud-init[671]: ci-info: +-------+-------------+---------+-----------+-------+         
Starting System Logging Service...
         Starting Login Service...
[   65.208578] cloud-init[671]:          Starting Virtualbox guest utils...
[[0;32m  OK  [0m] Started FUSE filesystem for LXC.
ci-info: | Route | Destination | Gateway | Interface | Flags |
[[0;32m  OK  [0m] Started irqbalance daemon.
[   65.258260] cloud-init[671]: ci-info: +-------+-------------+---------+-----------+-------+
[   65.259609] cloud-init[671]: ci-info: |   1   |  fe80::/64  |    ::   |   enp0s3  |   U   |
[   65.261223] cloud-init[671]: ci-info: |   3   |    local    |    ::   |   enp0s3  |   U   |
[   65.262656] cloud-init[671]: ci-info: |   4   |   ff00::/8  |    ::   |   enp0s3  |   U   |
[   65.264713] cloud-init[671]: ci-info: +-------+-------------+---------+-----------+-------+
         Starting Dispatcher daemon for systemd-networkd...
         Starting LSB: automatic crash report generation...
[[0;32m  OK  [0m] Started D-Bus System Message Bus.
         Starting OpenBSD Secure Shell server...
         Starting LSB: Record successful boot for GRUB...
[[0;32m  OK  [0m] Started Unattended Upgrades Shutdown.
         Starting LXD - container startup/shutdown...
         Starting Snappy daemon...
[[0;32m  OK  [0m] Started System Logging Service.
[[0;32m  OK  [0m] Started Availability of block devices.
[[0;32m  OK  [0m] Started Permit User Sessions.
[[0;32m  OK  [0m] Started OpenBSD Secure Shell server.
[[0;32m  OK  [0m] Started Login Service.
         Starting Authorization Manager...
         Starting Hold until boot process finishes up...
         Starting Terminate Plymouth Boot Screen...
[[0;32m  OK  [0m] Started LSB: automatic crash report generation.
[[0;32m  OK  [0m] Started LSB: Record successful boot for GRUB.
[[0;32m  OK  [0m] Started Hold until boot process finishes up.
[[0;32m  OK  [0m] Started Terminate Plymouth Boot Screen.
         Starting Set console scheme...
[[0;32m  OK  [0m] Started Serial Getty on ttyS0.
[[0;32m  OK  [0m] Created slice User Slice of vagrant.
[[0;32m  OK  [0m] Started Dispatcher daemon for systemd-networkd.
[[0;32m  OK  [0m] Started Snappy daemon.
[[0;32m  OK  [0m] Started Virtualbox guest utils.
[[0;32m  OK  [0m] Started LXD - container startup/shutdown.
[[0;32m  OK  [0m] Started Set console scheme.
[[0;32m  OK  [0m] Started Authorization Manager.
[[0;32m  OK  [0m] Started Accounts Service.
[[0;32m  OK  [0m] Started Session 1 of user vagrant.
[[0;32m  OK  [0m] Created slice system-getty.slice.
[[0;32m  OK  [0m] Started Getty on tty1.
[[0;32m  OK  [0m] Reached target Login Prompts.
         Starting Wait until snapd is fully seeded...
         Starting User Manager for UID 1000...
[[0;32m  OK  [0m] Started Wait until snapd is fully seeded.
         Starting Apply the settings specified in cloud-config...
[[0;32m  OK  [0m] Reached target Multi-User System.
[[0;32m  OK  [0m] Reached target Graphical Interface.
         Starting Update UTMP about System Runlevel Changes...
[[0;32m  OK  [0m] Started User Manager for UID 1000.
[[0;32m  OK  [0m] Started Update UTMP about System Runlevel Changes.
[   67.584769] cloud-init[1252]: Cloud-init v. 18.3-9-g2e62cb8a-0ubuntu1~18.04.2 running 'modules:config' at Wed, 29 Aug 2018 08:47:29 +0000. Up 67.33 seconds.
[[0;32m  OK  [0m] Started Apply the settings specified in cloud-config.
         Starting Execute cloud user/final scripts...
[   68.342662] cloud-init[1324]: Cloud-init v. 18.3-9-g2e62cb8a-0ubuntu1~18.04.2 running 'modules:final' at Wed, 29 Aug 2018 08:47:30 +0000. Up 68.12 seconds.
[[0;32m  OK  [0m] Started Execute cloud user/final scripts.
[   68.403542] cloud-init[1324]: Cloud-init v. 18.3-9-g2e62cb8a-0ubuntu1~18.04.2 finished at Wed, 29 Aug 2018 08:47:30 +0000. Datasource DataSourceNoCloud [seed=/dev/sdb][dsmode=net].  Up 68.33 seconds
[[0;32m  OK  [0m] Reached target Cloud-init target.

Ubuntu 18.04.1 LTS ubuntu-bionic ttyS0

ubuntu-bionic login: [[0;32m  OK  [0m] Stopped targe[[0;32m  OK  [0m] Stopped target System Time Synchronized.
[[0;32m  OK  [0m] Stopped irqbalance daemon.
[[0;32m  OK  [0m] Stopped Dispatcher daemon for systemd-networkd.
[[0;32m  OK  [0m] Stopped Snappy daemon.
[[0;32m  OK  [0m] Stopped OpenBSD Secure Shell server.
[[0;32m  OK  [0m] Stopped Authorization Manager.
[[0;32m  OK  [0m] Stopped Serial Getty on ttyS0.
[[0;32m  OK  [0m] Stopped Getty on tty1.
[[0;32m  OK  [0m] Stopped User Manager for UID 1000.
[[0;32m  OK  [0m] Stopped Availability of block devices.
[[0;32m  OK  [0m] Stopped D-Bus System Message Bus.
[[0;32m  OK  [0m] Stopped Unattended Upgrades Shutdown.
[[0;32m  OK  [0m] Stopped FUSE filesystem for LXC.
[[0;32m  OK  [0m] Stopped Session 5 of user vagrant.
[[0;32m  OK  [0m] Stopped LXD - container startup/shutdown.
[[0;32m  OK  [0m] Stopped LSB: Record successful boot for GRUB.
[[0;32m  OK  [0m] Removed slice User Slice of vagrant.
         Stopping Login Service...
[[0;32m  OK  [0m] Removed slice system-getty.slice.
[[0;32m  OK  [0m] Removed slice system-serial\x2dgetty.slice.
         Stopping Permit User Sessions...
[[0;32m  OK  [0m] Stopped LSB: automatic crash report generation.
[[0;32m  OK  [0m] Stopped Virtualbox guest utils.
[[0;32m  OK  [0m] Stopped Permit User Sessions.
[[0;32m  OK  [0m] Stopped target Remote File Systems.
[[0;32m  OK  [0m] Stopped target Remote File Systems (Pre).
         Stopping iSCSI initiator daemon (iscsid)...
[[0;32m  OK  [0m] Stopped iSCSI initiator daemon (iscsid).
[[0;32m  OK  [0m] Stopped Login Service.
[[0;32m  OK  [0m] Stopped target User and Group Name Lookups.
[[0;32m  OK  [0m] Stopped target Basic System.
[[0;32m  OK  [0m] Stopped target Slices.
[[0;32m  OK  [0m] Removed slice User and Session Slice.
[[0;32m  OK  [0m] Stopped target Sockets.
[[0;32m  OK  [0m] Closed UUID daemon activation socket.
[[0;32m  OK  [0m] Closed Socket activation for snappy daemon.
[[0;32m  OK  [0m] Closed Syslog Socket.
[[0;32m  OK  [0m] Closed D-Bus System Message Bus Socket.
[[0;32m  OK  [0m] Closed LXD - unix socket.
[[0;32m  OK  [0m] Closed ACPID Listen Socket.
[[0;32m  OK  [0m] Stopped target Paths.
[[0;32m  OK  [0m] Stopped ACPI Events Check.
[[0;32m  OK  [0m] Stopped target System Initialization.
         Stopping Update UTMP about System Boot/Shutdown...
         Stopping Load/Save Random Seed...
[[0;32m  OK  [0m] Stopped target Local Encrypted Volumes.
[[0;32m  OK  [0m] Stopped Dispatch Password Requests to Console Directory Watch.
[[0;32m  OK  [0m] Stopped Forward Password Requests to Wall Directory Watch.
[[0;32m  OK  [0m] Stopped target Network is Online.
[[0;32m  OK  [0m] Stopped Initial cloud-init job (metadata service crawler).
[[0;32m  OK  [0m] Stopped Wait for Network to be Configured.
[[0;32m  OK  [0m] Stopped target Network.
         Stopping Network Name Resolution...
[[0;32m  OK  [0m] Stopped Load/Save Random Seed.
[[0;32m  OK  [0m] Stopped Update UTMP about System Boot/Shutdown.
[[0;32m  OK  [0m] Stopped Network Name Resolution.
[[0;32m  OK  [0m] Stopped Create Volatile Files and Directories.
[[0;32m  OK  [0m] Stopped target Local File Systems.
         Unmounting /run/user/1000...
         Unmounting /vagrant...
         Stopping Network Service...
[[0;32m  OK  [0m] Unmounted /run/user/1000.
[[0;32m  OK  [0m] Stopped Network Service.
[[0;32m  OK  [0m] Unmounted /vagrant.
[[0;32m  OK  [0m] Stopped Apply Kernel Variables.
[[0;32m  OK  [0m] Stopped Load Kernel Modules.
[[0;32m  OK  [0m] Stopped target Network (Pre).
[[0;32m  OK  [0m] Stopped Initial cloud-init job (pre-networking).
[[0;32m  OK  [0m] Reached target Unmount All Filesystems.
[[0;32m  OK  [0m] Stopped target Swap.
[[0;32m  OK  [0m] Stopped target Local File Systems (Pre).
[[0;32m  OK  [0m] Stopped Remount Root and Kernel File Systems.
[[0;32m  OK  [0m] Stopped Create Static Device Nodes in /dev.
[[0;32m  OK  [0m] Reached target Shutdown.
[[0;32m  OK  [0m] Reached target Final Step.
         Starting Power-Off...
         Stopping Monitoring of LVM2 mirrors…ng dmeventd or progress polling...
[[0;32m  OK  [0m] Stopped Monitoring of LVM2 mirrors,…sing dmeventd or progress polling.
         Stopping LVM2 metadata daemon...
[ 1085.715577] reboot: Power down
